# JRE version: OpenJDK Runtime Environment Corretto-21.0.3.9.1 (21.0.3+9) (build 21.0.3+9-LTS)
# Java VM: OpenJDK 64-Bit Server VM Corretto-21.0.3.9.1 (21.0.3+9-LTS, mixed mode, emulated-client, sharing, tiered, compressed oops, compressed class ptrs, g1 gc, windows-amd64)
GC Precious Log:
 CardTable entry size: 512
 Card Set container configuration: InlinePtr #cards 4 size 8 Array Of Cards #cards 32 size 80 Howl #buckets 8 coarsen threshold 7372 Howl Bitmap #cards 1024 size 144 coarsen threshold 921 Card regions per heap region 1 cards per card region 8192
 CPUs: 12 total, 12 available
 Memory: 32686M
 Large Page Support: Disabled
 NUMA Support: Disabled
 Compressed Oops: Enabled (Zero based)
 Heap Region Size: 4M
 Heap Min Capacity: 8M
 Heap Initial Capacity: 512M
 Heap Max Capacity: 8172M
 Pre-touch: Disabled
 Parallel Workers: 10
 Concurrent Workers: 3
 Concurrent Refinement Workers: 10
 Periodic GC: Disabled
Heap:
 garbage-first heap   total 69632K, used 24360K [0x0000000601400000, 0x0000000800000000)
  region size 4096K, 4 young (16384K), 1 survivors (4096K)
 Metaspace       used 35121K, committed 36160K, reserved 1114112K
  class space    used 4775K, committed 5248K, reserved 1048576K
GC Heap History (12 events):
Event: 0.487 GC heap before
{Heap before GC invocations=0 (full 0):
 garbage-first heap   total 524288K, used 24576K [0x0000000601400000, 0x0000000800000000)
  region size 4096K, 6 young (24576K), 0 survivors (0K)
 Metaspace       used 7771K, committed 8000K, reserved 1114112K
  class space    used 960K, committed 1088K, reserved 1048576K
}
Event: 0.491 GC heap after
{Heap after GC invocations=1 (full 0):
 garbage-first heap   total 524288K, used 5123K [0x0000000601400000, 0x0000000800000000)
  region size 4096K, 1 young (4096K), 1 survivors (4096K)
 Metaspace       used 7771K, committed 8000K, reserved 1114112K
  class space    used 960K, committed 1088K, reserved 1048576K
}
Event: 0.769 GC heap before
{Heap before GC invocations=1 (full 0):
 garbage-first heap   total 524288K, used 29699K [0x0000000601400000, 0x0000000800000000)
  region size 4096K, 7 young (28672K), 1 survivors (4096K)
 Metaspace       used 13412K, committed 13760K, reserved 1114112K
  class space    used 1734K, committed 1920K, reserved 1048576K
}
Event: 0.772 GC heap after
{Heap after GC invocations=2 (full 0):
 garbage-first heap   total 524288K, used 7344K [0x0000000601400000, 0x0000000800000000)
  region size 4096K, 1 young (4096K), 1 survivors (4096K)
 Metaspace       used 13412K, committed 13760K, reserved 1114112K
  class space    used 1734K, committed 1920K, reserved 1048576K
}
Event: 1.061 GC heap before
{Heap before GC invocations=2 (full 0):
 garbage-first heap   total 524288K, used 40112K [0x0000000601400000, 0x0000000800000000)
  region size 4096K, 11 young (45056K), 1 survivors (4096K)
 Metaspace       used 19836K, committed 20224K, reserved 1114112K
  class space    used 2630K, committed 2816K, reserved 1048576K
}
Event: 1.064 GC heap after
{Heap after GC invocations=3 (full 0):
 garbage-first heap   total 524288K, used 10633K [0x0000000601400000, 0x0000000800000000)
  region size 4096K, 2 young (8192K), 2 survivors (8192K)
 Metaspace       used 19836K, committed 20224K, reserved 1114112K
  class space    used 2630K, committed 2816K, reserved 1048576K
}
Event: 1.471 GC heap before
{Heap before GC invocations=4 (full 0):
 garbage-first heap   total 69632K, used 43401K [0x0000000601400000, 0x0000000800000000)
  region size 4096K, 10 young (40960K), 2 survivors (8192K)
 Metaspace       used 25382K, committed 25984K, reserved 1114112K
  class space    used 3408K, committed 3712K, reserved 1048576K
}
Event: 1.476 GC heap after
{Heap after GC invocations=5 (full 0):
 garbage-first heap   total 69632K, used 13746K [0x0000000601400000, 0x0000000800000000)
  region size 4096K, 2 young (8192K), 2 survivors (8192K)
 Metaspace       used 25382K, committed 25984K, reserved 1114112K
  class space    used 3408K, committed 3712K, reserved 1048576K
}
Event: 1.909 GC heap before
{Heap before GC invocations=5 (full 0):
 garbage-first heap   total 69632K, used 42418K [0x0000000601400000, 0x0000000800000000)
  region size 4096K, 10 young (40960K), 2 survivors (8192K)
 Metaspace       used 33193K, committed 33856K, reserved 1114112K
  class space    used 4399K, committed 4736K, reserved 1048576K
}
Event: 1.916 GC heap after
{Heap after GC invocations=6 (full 0):
 garbage-first heap   total 69632K, used 16161K [0x0000000601400000, 0x0000000800000000)
  region size 4096K, 2 young (8192K), 2 survivors (8192K)
 Metaspace       used 33193K, committed 33856K, reserved 1114112K
  class space    used 4399K, committed 4736K, reserved 1048576K
}
Event: 1.921 GC heap before
{Heap before GC invocations=6 (full 0):
 garbage-first heap   total 69632K, used 16161K [0x0000000601400000, 0x0000000800000000)
  region size 4096K, 3 young (12288K), 2 survivors (8192K)
 Metaspace       used 33555K, committed 34176K, reserved 1114112K
  class space    used 4441K, committed 4736K, reserved 1048576K
}
Event: 1.924 GC heap after
{Heap after GC invocations=7 (full 0):
 garbage-first heap   total 69632K, used 16168K [0x0000000601400000, 0x0000000800000000)
  region size 4096K, 1 young (4096K), 1 survivors (4096K)
 Metaspace       used 33555K, committed 34176K, reserved 1114112K
  class space    used 4441K, committed 4736K, reserved 1048576K
}

